<?xml version="1.0" encoding="UTF-8"?>
<coverage generated="1511942930581" clover="3.2.0">
  <project timestamp="1511942930581" name="All files">
    <metrics statements="109" coveredstatements="93" conditionals="62" coveredconditionals="58" methods="64" coveredmethods="47" elements="235" coveredelements="198" complexity="0" loc="109" ncloc="109" packages="6" files="17" classes="17">
      <package name="actions">
        <metrics statements="9" coveredstatements="9" conditionals="9" coveredconditionals="8" methods="8" coveredmethods="8"/>
        <file name="expenses.js" path="/Users/namnguyen/Desktop/projects/Udemy/CompleteReact2nd_AndrewMead/expensify-app/src/actions/expenses.js">
          <metrics statements="4" coveredstatements="4" conditionals="6" coveredconditionals="5" methods="3" coveredmethods="3"/>
          <line num="4" count="3" type="stmt"/>
          <line num="11" count="2" type="stmt"/>
          <line num="22" count="3" type="stmt"/>
          <line num="28" count="3" type="cond" truecount="0" falsecount="1"/>
        </file>
        <file name="filters.js" path="/Users/namnguyen/Desktop/projects/Udemy/CompleteReact2nd_AndrewMead/expensify-app/src/actions/filters.js">
          <metrics statements="5" coveredstatements="5" conditionals="3" coveredconditionals="3" methods="5" coveredmethods="5"/>
          <line num="2" count="3" type="cond" truecount="1" falsecount="0"/>
          <line num="7" count="3" type="stmt"/>
          <line num="11" count="3" type="stmt"/>
          <line num="15" count="3" type="cond" truecount="1" falsecount="0"/>
          <line num="20" count="3" type="cond" truecount="1" falsecount="0"/>
        </file>
      </package>
      <package name="components">
        <metrics statements="69" coveredstatements="53" conditionals="28" coveredconditionals="26" methods="49" coveredmethods="32"/>
        <file name="AddExpensePage.js" path="/Users/namnguyen/Desktop/projects/Udemy/CompleteReact2nd_AndrewMead/expensify-app/src/components/AddExpensePage.js">
          <metrics statements="6" coveredstatements="4" conditionals="0" coveredconditionals="0" methods="4" coveredmethods="2"/>
          <line num="8" count="1" type="stmt"/>
          <line num="9" count="1" type="stmt"/>
          <line num="13" count="2" type="stmt"/>
          <line num="24" count="1" type="stmt"/>
          <line num="25" count="0" type="stmt"/>
          <line num="26" count="0" type="stmt"/>
        </file>
        <file name="EditExpensePage.js" path="/Users/namnguyen/Desktop/projects/Udemy/CompleteReact2nd_AndrewMead/expensify-app/src/components/EditExpensePage.js">
          <metrics statements="12" coveredstatements="7" conditionals="0" coveredconditionals="0" methods="8" coveredmethods="3"/>
          <line num="8" count="1" type="stmt"/>
          <line num="9" count="1" type="stmt"/>
          <line num="13" count="1" type="stmt"/>
          <line num="14" count="1" type="stmt"/>
          <line num="18" count="3" type="stmt"/>
          <line num="31" count="1" type="stmt"/>
          <line num="32" count="0" type="stmt"/>
          <line num="33" count="0" type="stmt"/>
          <line num="34" count="0" type="stmt"/>
          <line num="38" count="1" type="stmt"/>
          <line num="39" count="0" type="stmt"/>
          <line num="40" count="0" type="stmt"/>
        </file>
        <file name="ExpenseDashboardPage.js" path="/Users/namnguyen/Desktop/projects/Udemy/CompleteReact2nd_AndrewMead/expensify-app/src/components/ExpenseDashboardPage.js">
          <metrics statements="2" coveredstatements="2" conditionals="0" coveredconditionals="0" methods="1" coveredmethods="1"/>
          <line num="6" count="1" type="stmt"/>
          <line num="7" count="1" type="stmt"/>
        </file>
        <file name="ExpenseForm.js" path="/Users/namnguyen/Desktop/projects/Udemy/CompleteReact2nd_AndrewMead/expensify-app/src/components/ExpenseForm.js">
          <metrics statements="19" coveredstatements="18" conditionals="20" coveredconditionals="19" methods="16" coveredmethods="15"/>
          <line num="7" count="11" type="stmt"/>
          <line num="9" count="11" type="stmt"/>
          <line num="20" count="1" type="stmt"/>
          <line num="21" count="1" type="stmt"/>
          <line num="25" count="3" type="stmt"/>
          <line num="26" count="3" type="cond" truecount="4" falsecount="0"/>
          <line num="27" count="1" type="stmt"/>
          <line num="32" count="1" type="cond" truecount="1" falsecount="1"/>
          <line num="33" count="1" type="stmt"/>
          <line num="38" count="1" type="stmt"/>
          <line num="42" count="1" type="stmt"/>
          <line num="43" count="1" type="stmt"/>
          <line num="47" count="2" type="stmt"/>
          <line num="49" count="2" type="cond" truecount="4" falsecount="0"/>
          <line num="50" count="1" type="stmt"/>
          <line num="52" count="1" type="stmt"/>
          <line num="53" count="1" type="stmt"/>
          <line num="63" count="18" type="stmt"/>
          <line num="84" count="0" type="stmt"/>
        </file>
        <file name="ExpenseList.js" path="/Users/namnguyen/Desktop/projects/Udemy/CompleteReact2nd_AndrewMead/expensify-app/src/components/ExpenseList.js">
          <metrics statements="5" coveredstatements="4" conditionals="4" coveredconditionals="4" methods="3" coveredmethods="2"/>
          <line num="6" count="2" type="stmt"/>
          <line num="7" count="2" type="stmt"/>
          <line num="16" count="3" type="stmt"/>
          <line num="25" count="2" type="stmt"/>
          <line num="26" count="0" type="stmt"/>
        </file>
        <file name="ExpenseListFilters.js" path="/Users/namnguyen/Desktop/projects/Udemy/CompleteReact2nd_AndrewMead/expensify-app/src/components/ExpenseListFilters.js">
          <metrics statements="19" coveredstatements="12" conditionals="4" coveredconditionals="3" methods="14" coveredmethods="6"/>
          <line num="12" count="1" type="stmt"/>
          <line num="13" count="1" type="stmt"/>
          <line num="17" count="2" type="stmt"/>
          <line num="21" count="1" type="stmt"/>
          <line num="25" count="2" type="stmt"/>
          <line num="26" count="2" type="cond" truecount="2" falsecount="0"/>
          <line num="27" count="1" type="stmt"/>
          <line num="28" count="1" type="cond" truecount="1" falsecount="1"/>
          <line num="29" count="1" type="stmt"/>
          <line num="34" count="13" type="stmt"/>
          <line num="51" count="0" type="stmt"/>
          <line num="58" count="2" type="stmt"/>
          <line num="60" count="2" type="stmt"/>
          <line num="61" count="0" type="stmt"/>
          <line num="62" count="0" type="stmt"/>
          <line num="63" count="0" type="stmt"/>
          <line num="64" count="0" type="stmt"/>
          <line num="65" count="0" type="stmt"/>
          <line num="66" count="0" type="stmt"/>
        </file>
        <file name="ExpenseListItem.js" path="/Users/namnguyen/Desktop/projects/Udemy/CompleteReact2nd_AndrewMead/expensify-app/src/components/ExpenseListItem.js">
          <metrics statements="2" coveredstatements="2" conditionals="0" coveredconditionals="0" methods="1" coveredmethods="1"/>
          <line num="5" count="3" type="stmt"/>
          <line num="6" count="1" type="stmt"/>
        </file>
        <file name="Header.js" path="/Users/namnguyen/Desktop/projects/Udemy/CompleteReact2nd_AndrewMead/expensify-app/src/components/Header.js">
          <metrics statements="2" coveredstatements="2" conditionals="0" coveredconditionals="0" methods="1" coveredmethods="1"/>
          <line num="5" count="1" type="stmt"/>
          <line num="6" count="1" type="stmt"/>
        </file>
        <file name="NotFoundPage.js" path="/Users/namnguyen/Desktop/projects/Udemy/CompleteReact2nd_AndrewMead/expensify-app/src/components/NotFoundPage.js">
          <metrics statements="2" coveredstatements="2" conditionals="0" coveredconditionals="0" methods="1" coveredmethods="1"/>
          <line num="4" count="1" type="stmt"/>
          <line num="5" count="1" type="stmt"/>
        </file>
      </package>
      <package name="reducers">
        <metrics statements="17" coveredstatements="17" conditionals="14" coveredconditionals="14" methods="4" coveredmethods="4"/>
        <file name="expenses.js" path="/Users/namnguyen/Desktop/projects/Udemy/CompleteReact2nd_AndrewMead/expensify-app/src/reducers/expenses.js">
          <metrics statements="9" coveredstatements="9" conditionals="7" coveredconditionals="7" methods="3" coveredmethods="3"/>
          <line num="2" count="1" type="stmt"/>
          <line num="4" count="6" type="cond" truecount="4" falsecount="0"/>
          <line num="6" count="1" type="stmt"/>
          <line num="8" count="2" type="stmt"/>
          <line num="9" count="6" type="cond" truecount="2" falsecount="0"/>
          <line num="10" count="1" type="stmt"/>
          <line num="12" count="5" type="stmt"/>
          <line num="15" count="6" type="stmt"/>
          <line num="17" count="1" type="stmt"/>
        </file>
        <file name="filters.js" path="/Users/namnguyen/Desktop/projects/Udemy/CompleteReact2nd_AndrewMead/expensify-app/src/reducers/filters.js">
          <metrics statements="8" coveredstatements="8" conditionals="7" coveredconditionals="7" methods="1" coveredmethods="1"/>
          <line num="3" count="1" type="stmt"/>
          <line num="10" count="6" type="cond" truecount="6" falsecount="0"/>
          <line num="12" count="1" type="stmt"/>
          <line num="17" count="1" type="stmt"/>
          <line num="22" count="1" type="stmt"/>
          <line num="27" count="1" type="stmt"/>
          <line num="32" count="1" type="stmt"/>
          <line num="38" count="1" type="stmt"/>
        </file>
      </package>
      <package name="selectors">
        <metrics statements="11" coveredstatements="11" conditionals="11" coveredconditionals="10" methods="3" coveredmethods="3"/>
        <file name="expenses.js" path="/Users/namnguyen/Desktop/projects/Udemy/CompleteReact2nd_AndrewMead/expensify-app/src/selectors/expenses.js">
          <metrics statements="11" coveredstatements="11" conditionals="11" coveredconditionals="10" methods="3" coveredmethods="3"/>
          <line num="4" count="3" type="stmt"/>
          <line num="5" count="5" type="stmt"/>
          <line num="6" count="15" type="stmt"/>
          <line num="7" count="15" type="cond" truecount="2" falsecount="0"/>
          <line num="8" count="15" type="cond" truecount="2" falsecount="0"/>
          <line num="9" count="15" type="stmt"/>
          <line num="11" count="15" type="cond" truecount="3" falsecount="0"/>
          <line num="13" count="8" type="cond" truecount="2" falsecount="0"/>
          <line num="14" count="5" type="stmt"/>
          <line num="15" count="3" type="cond" truecount="1" falsecount="1"/>
          <line num="16" count="3" type="stmt"/>
        </file>
      </package>
      <package name="tests">
        <metrics statements="1" coveredstatements="1" conditionals="0" coveredconditionals="0" methods="0" coveredmethods="0"/>
        <file name="setupTests.js" path="/Users/namnguyen/Desktop/projects/Udemy/CompleteReact2nd_AndrewMead/expensify-app/src/tests/setupTests.js">
          <metrics statements="1" coveredstatements="1" conditionals="0" coveredconditionals="0" methods="0" coveredmethods="0"/>
          <line num="4" count="15" type="stmt"/>
        </file>
      </package>
      <package name="tests.fixture">
        <metrics statements="2" coveredstatements="2" conditionals="0" coveredconditionals="0" methods="0" coveredmethods="0"/>
        <file name="expenses.js" path="/Users/namnguyen/Desktop/projects/Udemy/CompleteReact2nd_AndrewMead/expensify-app/src/tests/fixture/expenses.js">
          <metrics statements="0" coveredstatements="0" conditionals="0" coveredconditionals="0" methods="0" coveredmethods="0"/>
        </file>
        <file name="filters.js" path="/Users/namnguyen/Desktop/projects/Udemy/CompleteReact2nd_AndrewMead/expensify-app/src/tests/fixture/filters.js">
          <metrics statements="2" coveredstatements="2" conditionals="0" coveredconditionals="0" methods="0" coveredmethods="0"/>
          <line num="3" count="1" type="stmt"/>
          <line num="10" count="1" type="stmt"/>
        </file>
      </package>
    </metrics>
  </project>
</coverage>
