{"/Users/namnguyen/Desktop/projects/Udemy/CompleteReact2nd_AndrewMead/expensify-app/src/actions/expenses.js": {"path":"/Users/namnguyen/Desktop/projects/Udemy/CompleteReact2nd_AndrewMead/expensify-app/src/actions/expenses.js","statementMap":{"0":{"start":{"line":4,"column":26},"end":{"line":20,"column":2}},"1":{"start":{"line":11,"column":6},"end":{"line":20,"column":1}},"2":{"start":{"line":22,"column":27},"end":{"line":26,"column":2}},"3":{"start":{"line":22,"column":45},"end":{"line":26,"column":1}},"4":{"start":{"line":28,"column":29},"end":{"line":31,"column":2}},"5":{"start":{"line":28,"column":47},"end":{"line":31,"column":1}}},"fnMap":{"0":{"name":"(anonymous_0)","decl":{"start":{"line":4,"column":26},"end":{"line":4,"column":27}},"loc":{"start":{"line":11,"column":6},"end":{"line":20,"column":1}},"line":11},"1":{"name":"(anonymous_1)","decl":{"start":{"line":22,"column":27},"end":{"line":22,"column":28}},"loc":{"start":{"line":22,"column":45},"end":{"line":26,"column":1}},"line":22},"2":{"name":"(anonymous_2)","decl":{"start":{"line":28,"column":29},"end":{"line":28,"column":30}},"loc":{"start":{"line":28,"column":47},"end":{"line":31,"column":1}},"line":28}},"branchMap":{"0":{"loc":{"start":{"line":5,"column":4},"end":{"line":10,"column":10}},"type":"default-arg","locations":[{"start":{"line":10,"column":8},"end":{"line":10,"column":10}}],"line":5},"1":{"loc":{"start":{"line":6,"column":8},"end":{"line":6,"column":24}},"type":"default-arg","locations":[{"start":{"line":6,"column":22},"end":{"line":6,"column":24}}],"line":6},"2":{"loc":{"start":{"line":7,"column":8},"end":{"line":7,"column":17}},"type":"default-arg","locations":[{"start":{"line":7,"column":15},"end":{"line":7,"column":17}}],"line":7},"3":{"loc":{"start":{"line":8,"column":8},"end":{"line":8,"column":18}},"type":"default-arg","locations":[{"start":{"line":8,"column":17},"end":{"line":8,"column":18}}],"line":8},"4":{"loc":{"start":{"line":9,"column":8},"end":{"line":9,"column":20}},"type":"default-arg","locations":[{"start":{"line":9,"column":19},"end":{"line":9,"column":20}}],"line":9},"5":{"loc":{"start":{"line":28,"column":30},"end":{"line":28,"column":41}},"type":"default-arg","locations":[{"start":{"line":28,"column":39},"end":{"line":28,"column":41}}],"line":28}},"s":{"0":3,"1":2,"2":3,"3":1,"4":3,"5":1},"f":{"0":2,"1":1,"2":1},"b":{"0":[1],"1":[1],"2":[1],"3":[1],"4":[1],"5":[0]},"_coverageSchema":"332fd63041d2c1bcb487cc26dd0d5f7d97098a6c","hash":"bc5d0b333e9c20ac613986815de3ae14b2235b84"}
,"/Users/namnguyen/Desktop/projects/Udemy/CompleteReact2nd_AndrewMead/expensify-app/src/actions/filters.js": {"path":"/Users/namnguyen/Desktop/projects/Udemy/CompleteReact2nd_AndrewMead/expensify-app/src/actions/filters.js","statementMap":{"0":{"start":{"line":2,"column":29},"end":{"line":5,"column":2}},"1":{"start":{"line":2,"column":45},"end":{"line":5,"column":1}},"2":{"start":{"line":7,"column":26},"end":{"line":9,"column":2}},"3":{"start":{"line":7,"column":33},"end":{"line":9,"column":1}},"4":{"start":{"line":11,"column":28},"end":{"line":13,"column":2}},"5":{"start":{"line":11,"column":35},"end":{"line":13,"column":1}},"6":{"start":{"line":15,"column":28},"end":{"line":18,"column":2}},"7":{"start":{"line":15,"column":56},"end":{"line":18,"column":1}},"8":{"start":{"line":20,"column":26},"end":{"line":23,"column":2}},"9":{"start":{"line":20,"column":52},"end":{"line":23,"column":1}}},"fnMap":{"0":{"name":"(anonymous_0)","decl":{"start":{"line":2,"column":29},"end":{"line":2,"column":30}},"loc":{"start":{"line":2,"column":45},"end":{"line":5,"column":1}},"line":2},"1":{"name":"(anonymous_1)","decl":{"start":{"line":7,"column":26},"end":{"line":7,"column":27}},"loc":{"start":{"line":7,"column":33},"end":{"line":9,"column":1}},"line":7},"2":{"name":"(anonymous_2)","decl":{"start":{"line":11,"column":28},"end":{"line":11,"column":29}},"loc":{"start":{"line":11,"column":35},"end":{"line":13,"column":1}},"line":11},"3":{"name":"(anonymous_3)","decl":{"start":{"line":15,"column":28},"end":{"line":15,"column":29}},"loc":{"start":{"line":15,"column":56},"end":{"line":18,"column":1}},"line":15},"4":{"name":"(anonymous_4)","decl":{"start":{"line":20,"column":26},"end":{"line":20,"column":27}},"loc":{"start":{"line":20,"column":52},"end":{"line":23,"column":1}},"line":20}},"branchMap":{"0":{"loc":{"start":{"line":2,"column":30},"end":{"line":2,"column":39}},"type":"default-arg","locations":[{"start":{"line":2,"column":37},"end":{"line":2,"column":39}}],"line":2},"1":{"loc":{"start":{"line":15,"column":29},"end":{"line":15,"column":50}},"type":"default-arg","locations":[{"start":{"line":15,"column":41},"end":{"line":15,"column":50}}],"line":15},"2":{"loc":{"start":{"line":20,"column":27},"end":{"line":20,"column":46}},"type":"default-arg","locations":[{"start":{"line":20,"column":37},"end":{"line":20,"column":46}}],"line":20}},"s":{"0":3,"1":2,"2":3,"3":1,"4":3,"5":1,"6":3,"7":2,"8":3,"9":2},"f":{"0":2,"1":1,"2":1,"3":2,"4":2},"b":{"0":[1],"1":[1],"2":[1]},"_coverageSchema":"332fd63041d2c1bcb487cc26dd0d5f7d97098a6c","hash":"c4313d6dfb9a3b5e1e5462cdd1e43a5b9ec6e97e"}
,"/Users/namnguyen/Desktop/projects/Udemy/CompleteReact2nd_AndrewMead/expensify-app/src/components/AddExpensePage.js": {"path":"/Users/namnguyen/Desktop/projects/Udemy/CompleteReact2nd_AndrewMead/expensify-app/src/components/AddExpensePage.js","statementMap":{"0":{"start":{"line":8,"column":8},"end":{"line":8,"column":39}},"1":{"start":{"line":9,"column":8},"end":{"line":9,"column":37}},"2":{"start":{"line":13,"column":8},"end":{"line":20,"column":9}},"3":{"start":{"line":24,"column":27},"end":{"line":28,"column":1}},"4":{"start":{"line":25,"column":4},"end":{"line":27,"column":5}},"5":{"start":{"line":26,"column":33},"end":{"line":26,"column":62}}},"fnMap":{"0":{"name":"(anonymous_0)","decl":{"start":{"line":7,"column":17},"end":{"line":7,"column":18}},"loc":{"start":{"line":7,"column":30},"end":{"line":10,"column":5}},"line":7},"1":{"name":"(anonymous_1)","decl":{"start":{"line":12,"column":4},"end":{"line":12,"column":5}},"loc":{"start":{"line":12,"column":13},"end":{"line":21,"column":5}},"line":12},"2":{"name":"(anonymous_2)","decl":{"start":{"line":24,"column":27},"end":{"line":24,"column":28}},"loc":{"start":{"line":24,"column":41},"end":{"line":28,"column":1}},"line":24},"3":{"name":"(anonymous_3)","decl":{"start":{"line":26,"column":20},"end":{"line":26,"column":21}},"loc":{"start":{"line":26,"column":33},"end":{"line":26,"column":62}},"line":26}},"branchMap":{},"s":{"0":1,"1":1,"2":2,"3":1,"4":0,"5":0},"f":{"0":1,"1":2,"2":0,"3":0},"b":{},"_coverageSchema":"332fd63041d2c1bcb487cc26dd0d5f7d97098a6c","hash":"1e0f2d7a5159ab4159112c615c53932d2a476414"}
,"/Users/namnguyen/Desktop/projects/Udemy/CompleteReact2nd_AndrewMead/expensify-app/src/components/EditExpensePage.js": {"path":"/Users/namnguyen/Desktop/projects/Udemy/CompleteReact2nd_AndrewMead/expensify-app/src/components/EditExpensePage.js","statementMap":{"0":{"start":{"line":8,"column":8},"end":{"line":8,"column":63}},"1":{"start":{"line":9,"column":8},"end":{"line":9,"column":37}},"2":{"start":{"line":13,"column":8},"end":{"line":13,"column":64}},"3":{"start":{"line":14,"column":8},"end":{"line":14,"column":37}},"4":{"start":{"line":18,"column":8},"end":{"line":27,"column":9}},"5":{"start":{"line":31,"column":27},"end":{"line":36,"column":1}},"6":{"start":{"line":32,"column":4},"end":{"line":35,"column":5}},"7":{"start":{"line":33,"column":38},"end":{"line":33,"column":72}},"8":{"start":{"line":34,"column":33},"end":{"line":34,"column":62}},"9":{"start":{"line":38,"column":24},"end":{"line":42,"column":1}},"10":{"start":{"line":39,"column":4},"end":{"line":41,"column":5}},"11":{"start":{"line":40,"column":50},"end":{"line":40,"column":86}}},"fnMap":{"0":{"name":"(anonymous_0)","decl":{"start":{"line":7,"column":18},"end":{"line":7,"column":19}},"loc":{"start":{"line":7,"column":31},"end":{"line":10,"column":5}},"line":7},"1":{"name":"(anonymous_1)","decl":{"start":{"line":12,"column":20},"end":{"line":12,"column":21}},"loc":{"start":{"line":12,"column":26},"end":{"line":15,"column":5}},"line":12},"2":{"name":"(anonymous_2)","decl":{"start":{"line":17,"column":4},"end":{"line":17,"column":5}},"loc":{"start":{"line":17,"column":13},"end":{"line":28,"column":5}},"line":17},"3":{"name":"(anonymous_3)","decl":{"start":{"line":31,"column":27},"end":{"line":31,"column":28}},"loc":{"start":{"line":31,"column":48},"end":{"line":36,"column":1}},"line":31},"4":{"name":"(anonymous_4)","decl":{"start":{"line":33,"column":21},"end":{"line":33,"column":22}},"loc":{"start":{"line":33,"column":38},"end":{"line":33,"column":72}},"line":33},"5":{"name":"(anonymous_5)","decl":{"start":{"line":34,"column":23},"end":{"line":34,"column":24}},"loc":{"start":{"line":34,"column":33},"end":{"line":34,"column":62}},"line":34},"6":{"name":"(anonymous_6)","decl":{"start":{"line":38,"column":24},"end":{"line":38,"column":25}},"loc":{"start":{"line":38,"column":42},"end":{"line":42,"column":1}},"line":38},"7":{"name":"(anonymous_7)","decl":{"start":{"line":40,"column":37},"end":{"line":40,"column":38}},"loc":{"start":{"line":40,"column":50},"end":{"line":40,"column":86}},"line":40}},"branchMap":{},"s":{"0":1,"1":1,"2":1,"3":1,"4":3,"5":1,"6":0,"7":0,"8":0,"9":1,"10":0,"11":0},"f":{"0":1,"1":1,"2":3,"3":0,"4":0,"5":0,"6":0,"7":0},"b":{},"_coverageSchema":"332fd63041d2c1bcb487cc26dd0d5f7d97098a6c","hash":"7631c04cdccf0665b08dce788264f28885223c61"}
,"/Users/namnguyen/Desktop/projects/Udemy/CompleteReact2nd_AndrewMead/expensify-app/src/components/ExpenseDashboardPage.js": {"path":"/Users/namnguyen/Desktop/projects/Udemy/CompleteReact2nd_AndrewMead/expensify-app/src/components/ExpenseDashboardPage.js","statementMap":{"0":{"start":{"line":6,"column":29},"end":{"line":11,"column":1}},"1":{"start":{"line":7,"column":4},"end":{"line":10,"column":10}}},"fnMap":{"0":{"name":"(anonymous_0)","decl":{"start":{"line":6,"column":29},"end":{"line":6,"column":30}},"loc":{"start":{"line":7,"column":4},"end":{"line":10,"column":10}},"line":7}},"branchMap":{},"s":{"0":1,"1":1},"f":{"0":1},"b":{},"_coverageSchema":"332fd63041d2c1bcb487cc26dd0d5f7d97098a6c","hash":"720be30a3f6329cc8dab351b88baabe64bcfef00"}
,"/Users/namnguyen/Desktop/projects/Udemy/CompleteReact2nd_AndrewMead/expensify-app/src/components/ExpenseForm.js": {"path":"/Users/namnguyen/Desktop/projects/Udemy/CompleteReact2nd_AndrewMead/expensify-app/src/components/ExpenseForm.js","statementMap":{"0":{"start":{"line":7,"column":8},"end":{"line":7,"column":21}},"1":{"start":{"line":9,"column":8},"end":{"line":16,"column":10}},"2":{"start":{"line":20,"column":28},"end":{"line":20,"column":42}},"3":{"start":{"line":21,"column":8},"end":{"line":21,"column":47}},"4":{"start":{"line":21,"column":29},"end":{"line":21,"column":44}},"5":{"start":{"line":25,"column":23},"end":{"line":25,"column":37}},"6":{"start":{"line":26,"column":8},"end":{"line":28,"column":9}},"7":{"start":{"line":27,"column":12},"end":{"line":27,"column":46}},"8":{"start":{"line":27,"column":33},"end":{"line":27,"column":43}},"9":{"start":{"line":32,"column":8},"end":{"line":34,"column":9}},"10":{"start":{"line":33,"column":12},"end":{"line":33,"column":48}},"11":{"start":{"line":33,"column":33},"end":{"line":33,"column":45}},"12":{"start":{"line":38,"column":8},"end":{"line":38,"column":59}},"13":{"start":{"line":38,"column":29},"end":{"line":38,"column":57}},"14":{"start":{"line":42,"column":21},"end":{"line":42,"column":35}},"15":{"start":{"line":43,"column":8},"end":{"line":43,"column":40}},"16":{"start":{"line":43,"column":29},"end":{"line":43,"column":37}},"17":{"start":{"line":47,"column":8},"end":{"line":47,"column":27}},"18":{"start":{"line":49,"column":8},"end":{"line":59,"column":9}},"19":{"start":{"line":50,"column":12},"end":{"line":50,"column":70}},"20":{"start":{"line":50,"column":33},"end":{"line":50,"column":67}},"21":{"start":{"line":52,"column":12},"end":{"line":52,"column":49}},"22":{"start":{"line":52,"column":33},"end":{"line":52,"column":46}},"23":{"start":{"line":53,"column":12},"end":{"line":58,"column":15}},"24":{"start":{"line":63,"column":8},"end":{"line":93,"column":9}},"25":{"start":{"line":84,"column":46},"end":{"line":84,"column":51}}},"fnMap":{"0":{"name":"(anonymous_0)","decl":{"start":{"line":6,"column":4},"end":{"line":6,"column":5}},"loc":{"start":{"line":6,"column":23},"end":{"line":17,"column":5}},"line":6},"1":{"name":"(anonymous_1)","decl":{"start":{"line":19,"column":26},"end":{"line":19,"column":27}},"loc":{"start":{"line":19,"column":33},"end":{"line":22,"column":5}},"line":19},"2":{"name":"(anonymous_2)","decl":{"start":{"line":21,"column":22},"end":{"line":21,"column":23}},"loc":{"start":{"line":21,"column":29},"end":{"line":21,"column":44}},"line":21},"3":{"name":"(anonymous_3)","decl":{"start":{"line":24,"column":21},"end":{"line":24,"column":22}},"loc":{"start":{"line":24,"column":28},"end":{"line":29,"column":5}},"line":24},"4":{"name":"(anonymous_4)","decl":{"start":{"line":27,"column":26},"end":{"line":27,"column":27}},"loc":{"start":{"line":27,"column":33},"end":{"line":27,"column":43}},"line":27},"5":{"name":"(anonymous_5)","decl":{"start":{"line":31,"column":19},"end":{"line":31,"column":20}},"loc":{"start":{"line":31,"column":33},"end":{"line":35,"column":5}},"line":31},"6":{"name":"(anonymous_6)","decl":{"start":{"line":33,"column":26},"end":{"line":33,"column":27}},"loc":{"start":{"line":33,"column":33},"end":{"line":33,"column":45}},"line":33},"7":{"name":"(anonymous_7)","decl":{"start":{"line":37,"column":20},"end":{"line":37,"column":21}},"loc":{"start":{"line":37,"column":37},"end":{"line":39,"column":5}},"line":37},"8":{"name":"(anonymous_8)","decl":{"start":{"line":38,"column":22},"end":{"line":38,"column":23}},"loc":{"start":{"line":38,"column":29},"end":{"line":38,"column":57}},"line":38},"9":{"name":"(anonymous_9)","decl":{"start":{"line":41,"column":19},"end":{"line":41,"column":20}},"loc":{"start":{"line":41,"column":26},"end":{"line":44,"column":5}},"line":41},"10":{"name":"(anonymous_10)","decl":{"start":{"line":43,"column":22},"end":{"line":43,"column":23}},"loc":{"start":{"line":43,"column":29},"end":{"line":43,"column":37}},"line":43},"11":{"name":"(anonymous_11)","decl":{"start":{"line":46,"column":15},"end":{"line":46,"column":16}},"loc":{"start":{"line":46,"column":22},"end":{"line":60,"column":5}},"line":46},"12":{"name":"(anonymous_12)","decl":{"start":{"line":50,"column":26},"end":{"line":50,"column":27}},"loc":{"start":{"line":50,"column":33},"end":{"line":50,"column":67}},"line":50},"13":{"name":"(anonymous_13)","decl":{"start":{"line":52,"column":26},"end":{"line":52,"column":27}},"loc":{"start":{"line":52,"column":33},"end":{"line":52,"column":46}},"line":52},"14":{"name":"(anonymous_14)","decl":{"start":{"line":62,"column":4},"end":{"line":62,"column":5}},"loc":{"start":{"line":62,"column":13},"end":{"line":94,"column":5}},"line":62},"15":{"name":"(anonymous_15)","decl":{"start":{"line":84,"column":40},"end":{"line":84,"column":41}},"loc":{"start":{"line":84,"column":46},"end":{"line":84,"column":51}},"line":84}},"branchMap":{"0":{"loc":{"start":{"line":10,"column":25},"end":{"line":10,"column":71}},"type":"cond-expr","locations":[{"start":{"line":10,"column":41},"end":{"line":10,"column":66}},{"start":{"line":10,"column":69},"end":{"line":10,"column":71}}],"line":10},"1":{"loc":{"start":{"line":11,"column":20},"end":{"line":11,"column":80}},"type":"cond-expr","locations":[{"start":{"line":11,"column":36},"end":{"line":11,"column":75}},{"start":{"line":11,"column":78},"end":{"line":11,"column":80}}],"line":11},"2":{"loc":{"start":{"line":12,"column":18},"end":{"line":12,"column":57}},"type":"cond-expr","locations":[{"start":{"line":12,"column":34},"end":{"line":12,"column":52}},{"start":{"line":12,"column":55},"end":{"line":12,"column":57}}],"line":12},"3":{"loc":{"start":{"line":13,"column":22},"end":{"line":13,"column":79}},"type":"cond-expr","locations":[{"start":{"line":13,"column":38},"end":{"line":13,"column":68}},{"start":{"line":13,"column":71},"end":{"line":13,"column":79}}],"line":13},"4":{"loc":{"start":{"line":26,"column":8},"end":{"line":28,"column":9}},"type":"if","locations":[{"start":{"line":26,"column":8},"end":{"line":28,"column":9}},{"start":{"line":26,"column":8},"end":{"line":28,"column":9}}],"line":26},"5":{"loc":{"start":{"line":26,"column":12},"end":{"line":26,"column":59}},"type":"binary-expr","locations":[{"start":{"line":26,"column":12},"end":{"line":26,"column":19}},{"start":{"line":26,"column":23},"end":{"line":26,"column":59}}],"line":26},"6":{"loc":{"start":{"line":32,"column":8},"end":{"line":34,"column":9}},"type":"if","locations":[{"start":{"line":32,"column":8},"end":{"line":34,"column":9}},{"start":{"line":32,"column":8},"end":{"line":34,"column":9}}],"line":32},"7":{"loc":{"start":{"line":49,"column":8},"end":{"line":59,"column":9}},"type":"if","locations":[{"start":{"line":49,"column":8},"end":{"line":59,"column":9}},{"start":{"line":49,"column":8},"end":{"line":59,"column":9}}],"line":49},"8":{"loc":{"start":{"line":49,"column":12},"end":{"line":49,"column":57}},"type":"binary-expr","locations":[{"start":{"line":49,"column":12},"end":{"line":49,"column":35}},{"start":{"line":49,"column":39},"end":{"line":49,"column":57}}],"line":49},"9":{"loc":{"start":{"line":90,"column":22},"end":{"line":90,"column":87}},"type":"binary-expr","locations":[{"start":{"line":90,"column":22},"end":{"line":90,"column":43}},{"start":{"line":90,"column":47},"end":{"line":90,"column":87}}],"line":90}},"s":{"0":11,"1":11,"2":1,"3":1,"4":1,"5":3,"6":3,"7":1,"8":1,"9":1,"10":1,"11":1,"12":1,"13":1,"14":1,"15":1,"16":1,"17":2,"18":2,"19":1,"20":1,"21":1,"22":1,"23":1,"24":18,"25":0},"f":{"0":11,"1":1,"2":1,"3":3,"4":1,"5":1,"6":1,"7":1,"8":1,"9":1,"10":1,"11":2,"12":1,"13":1,"14":18,"15":0},"b":{"0":[2,9],"1":[2,9],"2":[2,9],"3":[2,9],"4":[1,2],"5":[3,3],"6":[1,0],"7":[1,1],"8":[2,1],"9":[18,3]},"_coverageSchema":"332fd63041d2c1bcb487cc26dd0d5f7d97098a6c","hash":"5100e61c32f4254d187fba8c75a109c30632f3d5"}
,"/Users/namnguyen/Desktop/projects/Udemy/CompleteReact2nd_AndrewMead/expensify-app/src/components/ExpenseList.js": {"path":"/Users/namnguyen/Desktop/projects/Udemy/CompleteReact2nd_AndrewMead/expensify-app/src/components/ExpenseList.js","statementMap":{"0":{"start":{"line":6,"column":27},"end":{"line":23,"column":1}},"1":{"start":{"line":7,"column":4},"end":{"line":22,"column":10}},"2":{"start":{"line":16,"column":20},"end":{"line":18,"column":21}},"3":{"start":{"line":25,"column":24},"end":{"line":29,"column":1}},"4":{"start":{"line":26,"column":4},"end":{"line":28,"column":5}}},"fnMap":{"0":{"name":"(anonymous_0)","decl":{"start":{"line":6,"column":27},"end":{"line":6,"column":28}},"loc":{"start":{"line":7,"column":4},"end":{"line":22,"column":10}},"line":7},"1":{"name":"(anonymous_1)","decl":{"start":{"line":15,"column":35},"end":{"line":15,"column":36}},"loc":{"start":{"line":15,"column":48},"end":{"line":19,"column":17}},"line":15},"2":{"name":"(anonymous_2)","decl":{"start":{"line":25,"column":24},"end":{"line":25,"column":25}},"loc":{"start":{"line":25,"column":51},"end":{"line":29,"column":1}},"line":25}},"branchMap":{"0":{"loc":{"start":{"line":10,"column":12},"end":{"line":20,"column":13}},"type":"cond-expr","locations":[{"start":{"line":12,"column":16},"end":{"line":12,"column":34}},{"start":{"line":15,"column":16},"end":{"line":19,"column":18}}],"line":10},"1":{"loc":{"start":{"line":10,"column":12},"end":{"line":10,"column":57}},"type":"binary-expr","locations":[{"start":{"line":10,"column":12},"end":{"line":10,"column":26}},{"start":{"line":10,"column":30},"end":{"line":10,"column":57}}],"line":10}},"s":{"0":2,"1":2,"2":3,"3":2,"4":0},"f":{"0":2,"1":3,"2":0},"b":{"0":[1,1],"1":[2,2]},"_coverageSchema":"332fd63041d2c1bcb487cc26dd0d5f7d97098a6c","hash":"db9e6171a7cffeb133997ca3f7d3f80ab8bcb717"}
,"/Users/namnguyen/Desktop/projects/Udemy/CompleteReact2nd_AndrewMead/expensify-app/src/components/ExpenseListFilters.js": {"path":"/Users/namnguyen/Desktop/projects/Udemy/CompleteReact2nd_AndrewMead/expensify-app/src/components/ExpenseListFilters.js","statementMap":{"0":{"start":{"line":12,"column":8},"end":{"line":12,"column":43}},"1":{"start":{"line":13,"column":8},"end":{"line":13,"column":39}},"2":{"start":{"line":17,"column":8},"end":{"line":17,"column":51}},"3":{"start":{"line":17,"column":29},"end":{"line":17,"column":48}},"4":{"start":{"line":21,"column":8},"end":{"line":21,"column":48}},"5":{"start":{"line":25,"column":22},"end":{"line":25,"column":36}},"6":{"start":{"line":26,"column":8},"end":{"line":30,"column":9}},"7":{"start":{"line":27,"column":12},"end":{"line":27,"column":36}},"8":{"start":{"line":28,"column":15},"end":{"line":30,"column":9}},"9":{"start":{"line":29,"column":12},"end":{"line":29,"column":38}},"10":{"start":{"line":34,"column":8},"end":{"line":54,"column":9}},"11":{"start":{"line":51,"column":42},"end":{"line":51,"column":47}},"12":{"start":{"line":58,"column":24},"end":{"line":58,"column":54}},"13":{"start":{"line":58,"column":42},"end":{"line":58,"column":53}},"14":{"start":{"line":60,"column":27},"end":{"line":68,"column":1}},"15":{"start":{"line":61,"column":4},"end":{"line":67,"column":6}},"16":{"start":{"line":62,"column":37},"end":{"line":62,"column":70}},"17":{"start":{"line":63,"column":33},"end":{"line":63,"column":62}},"18":{"start":{"line":64,"column":33},"end":{"line":64,"column":63}},"19":{"start":{"line":65,"column":26},"end":{"line":65,"column":48}},"20":{"start":{"line":66,"column":28},"end":{"line":66,"column":52}}},"fnMap":{"0":{"name":"(anonymous_0)","decl":{"start":{"line":11,"column":20},"end":{"line":11,"column":21}},"loc":{"start":{"line":11,"column":46},"end":{"line":14,"column":5}},"line":11},"1":{"name":"(anonymous_1)","decl":{"start":{"line":16,"column":20},"end":{"line":16,"column":21}},"loc":{"start":{"line":16,"column":41},"end":{"line":18,"column":5}},"line":16},"2":{"name":"(anonymous_2)","decl":{"start":{"line":17,"column":22},"end":{"line":17,"column":23}},"loc":{"start":{"line":17,"column":29},"end":{"line":17,"column":48}},"line":17},"3":{"name":"(anonymous_3)","decl":{"start":{"line":20,"column":19},"end":{"line":20,"column":20}},"loc":{"start":{"line":20,"column":26},"end":{"line":22,"column":5}},"line":20},"4":{"name":"(anonymous_4)","decl":{"start":{"line":24,"column":21},"end":{"line":24,"column":22}},"loc":{"start":{"line":24,"column":28},"end":{"line":31,"column":5}},"line":24},"5":{"name":"(anonymous_5)","decl":{"start":{"line":33,"column":4},"end":{"line":33,"column":5}},"loc":{"start":{"line":33,"column":13},"end":{"line":55,"column":5}},"line":33},"6":{"name":"(anonymous_6)","decl":{"start":{"line":51,"column":36},"end":{"line":51,"column":37}},"loc":{"start":{"line":51,"column":42},"end":{"line":51,"column":47}},"line":51},"7":{"name":"(anonymous_7)","decl":{"start":{"line":58,"column":24},"end":{"line":58,"column":25}},"loc":{"start":{"line":58,"column":42},"end":{"line":58,"column":53}},"line":58},"8":{"name":"(anonymous_8)","decl":{"start":{"line":60,"column":27},"end":{"line":60,"column":28}},"loc":{"start":{"line":60,"column":48},"end":{"line":68,"column":1}},"line":60},"9":{"name":"(anonymous_9)","decl":{"start":{"line":62,"column":22},"end":{"line":62,"column":23}},"loc":{"start":{"line":62,"column":37},"end":{"line":62,"column":70}},"line":62},"10":{"name":"(anonymous_10)","decl":{"start":{"line":63,"column":20},"end":{"line":63,"column":21}},"loc":{"start":{"line":63,"column":33},"end":{"line":63,"column":62}},"line":63},"11":{"name":"(anonymous_11)","decl":{"start":{"line":64,"column":22},"end":{"line":64,"column":23}},"loc":{"start":{"line":64,"column":33},"end":{"line":64,"column":63}},"line":64},"12":{"name":"(anonymous_12)","decl":{"start":{"line":65,"column":20},"end":{"line":65,"column":21}},"loc":{"start":{"line":65,"column":26},"end":{"line":65,"column":48}},"line":65},"13":{"name":"(anonymous_13)","decl":{"start":{"line":66,"column":22},"end":{"line":66,"column":23}},"loc":{"start":{"line":66,"column":28},"end":{"line":66,"column":52}},"line":66}},"branchMap":{"0":{"loc":{"start":{"line":26,"column":8},"end":{"line":30,"column":9}},"type":"if","locations":[{"start":{"line":26,"column":8},"end":{"line":30,"column":9}},{"start":{"line":26,"column":8},"end":{"line":30,"column":9}}],"line":26},"1":{"loc":{"start":{"line":28,"column":15},"end":{"line":30,"column":9}},"type":"if","locations":[{"start":{"line":28,"column":15},"end":{"line":30,"column":9}},{"start":{"line":28,"column":15},"end":{"line":30,"column":9}}],"line":28}},"s":{"0":1,"1":1,"2":2,"3":2,"4":1,"5":2,"6":2,"7":1,"8":1,"9":1,"10":13,"11":0,"12":2,"13":0,"14":2,"15":0,"16":0,"17":0,"18":0,"19":0,"20":0},"f":{"0":1,"1":2,"2":2,"3":1,"4":2,"5":13,"6":0,"7":0,"8":0,"9":0,"10":0,"11":0,"12":0,"13":0},"b":{"0":[1,1],"1":[1,0]},"_coverageSchema":"332fd63041d2c1bcb487cc26dd0d5f7d97098a6c","hash":"cc37574816c439be1339e5718015e35f3cab92c6"}
,"/Users/namnguyen/Desktop/projects/Udemy/CompleteReact2nd_AndrewMead/expensify-app/src/components/ExpenseListItem.js": {"path":"/Users/namnguyen/Desktop/projects/Udemy/CompleteReact2nd_AndrewMead/expensify-app/src/components/ExpenseListItem.js","statementMap":{"0":{"start":{"line":5,"column":24},"end":{"line":11,"column":1}},"1":{"start":{"line":6,"column":4},"end":{"line":10,"column":10}}},"fnMap":{"0":{"name":"(anonymous_0)","decl":{"start":{"line":5,"column":24},"end":{"line":5,"column":25}},"loc":{"start":{"line":6,"column":4},"end":{"line":10,"column":10}},"line":6}},"branchMap":{},"s":{"0":3,"1":1},"f":{"0":1},"b":{},"_coverageSchema":"332fd63041d2c1bcb487cc26dd0d5f7d97098a6c","hash":"823da61363696fcd282a3748453b975e69d3c611"}
,"/Users/namnguyen/Desktop/projects/Udemy/CompleteReact2nd_AndrewMead/expensify-app/src/components/Header.js": {"path":"/Users/namnguyen/Desktop/projects/Udemy/CompleteReact2nd_AndrewMead/expensify-app/src/components/Header.js","statementMap":{"0":{"start":{"line":5,"column":15},"end":{"line":12,"column":1}},"1":{"start":{"line":6,"column":4},"end":{"line":11,"column":13}}},"fnMap":{"0":{"name":"(anonymous_0)","decl":{"start":{"line":5,"column":15},"end":{"line":5,"column":16}},"loc":{"start":{"line":6,"column":4},"end":{"line":11,"column":13}},"line":6}},"branchMap":{},"s":{"0":1,"1":1},"f":{"0":1},"b":{},"_coverageSchema":"332fd63041d2c1bcb487cc26dd0d5f7d97098a6c","hash":"34cb21c1811c9dc74f3829f7a8fa9dd12ba4cc50"}
,"/Users/namnguyen/Desktop/projects/Udemy/CompleteReact2nd_AndrewMead/expensify-app/src/components/NotFoundPage.js": {"path":"/Users/namnguyen/Desktop/projects/Udemy/CompleteReact2nd_AndrewMead/expensify-app/src/components/NotFoundPage.js","statementMap":{"0":{"start":{"line":4,"column":21},"end":{"line":8,"column":1}},"1":{"start":{"line":5,"column":4},"end":{"line":7,"column":10}}},"fnMap":{"0":{"name":"(anonymous_0)","decl":{"start":{"line":4,"column":21},"end":{"line":4,"column":22}},"loc":{"start":{"line":5,"column":4},"end":{"line":7,"column":10}},"line":5}},"branchMap":{},"s":{"0":1,"1":1},"f":{"0":1},"b":{},"_coverageSchema":"332fd63041d2c1bcb487cc26dd0d5f7d97098a6c","hash":"bf5af2e401fc44df74d799b43ee09d325b193bc3"}
,"/Users/namnguyen/Desktop/projects/Udemy/CompleteReact2nd_AndrewMead/expensify-app/src/reducers/expenses.js": {"path":"/Users/namnguyen/Desktop/projects/Udemy/CompleteReact2nd_AndrewMead/expensify-app/src/reducers/expenses.js","statementMap":{"0":{"start":{"line":2,"column":36},"end":{"line":2,"column":38}},"1":{"start":{"line":4,"column":4},"end":{"line":18,"column":5}},"2":{"start":{"line":6,"column":12},"end":{"line":6,"column":46}},"3":{"start":{"line":8,"column":12},"end":{"line":13,"column":15}},"4":{"start":{"line":9,"column":16},"end":{"line":11,"column":17}},"5":{"start":{"line":10,"column":20},"end":{"line":10,"column":61}},"6":{"start":{"line":12,"column":16},"end":{"line":12,"column":31}},"7":{"start":{"line":15,"column":12},"end":{"line":15,"column":62}},"8":{"start":{"line":15,"column":44},"end":{"line":15,"column":60}},"9":{"start":{"line":17,"column":12},"end":{"line":17,"column":25}}},"fnMap":{"0":{"name":"(anonymous_0)","decl":{"start":{"line":3,"column":15},"end":{"line":3,"column":16}},"loc":{"start":{"line":3,"column":64},"end":{"line":19,"column":1}},"line":3},"1":{"name":"(anonymous_1)","decl":{"start":{"line":8,"column":29},"end":{"line":8,"column":30}},"loc":{"start":{"line":8,"column":42},"end":{"line":13,"column":13}},"line":8},"2":{"name":"(anonymous_2)","decl":{"start":{"line":15,"column":32},"end":{"line":15,"column":33}},"loc":{"start":{"line":15,"column":44},"end":{"line":15,"column":60}},"line":15}},"branchMap":{"0":{"loc":{"start":{"line":3,"column":16},"end":{"line":3,"column":51}},"type":"default-arg","locations":[{"start":{"line":3,"column":24},"end":{"line":3,"column":51}}],"line":3},"1":{"loc":{"start":{"line":4,"column":4},"end":{"line":18,"column":5}},"type":"switch","locations":[{"start":{"line":5,"column":8},"end":{"line":6,"column":46}},{"start":{"line":7,"column":8},"end":{"line":13,"column":15}},{"start":{"line":14,"column":8},"end":{"line":15,"column":62}},{"start":{"line":16,"column":8},"end":{"line":17,"column":25}}],"line":4},"2":{"loc":{"start":{"line":9,"column":16},"end":{"line":11,"column":17}},"type":"if","locations":[{"start":{"line":9,"column":16},"end":{"line":11,"column":17}},{"start":{"line":9,"column":16},"end":{"line":11,"column":17}}],"line":9}},"s":{"0":1,"1":6,"2":1,"3":2,"4":6,"5":1,"6":5,"7":2,"8":6,"9":1},"f":{"0":6,"1":6,"2":6},"b":{"0":[1],"1":[1,2,2,1],"2":[1,5]},"_coverageSchema":"332fd63041d2c1bcb487cc26dd0d5f7d97098a6c","hash":"074f5618911a0baa07600ae58a0039f308998527"}
,"/Users/namnguyen/Desktop/projects/Udemy/CompleteReact2nd_AndrewMead/expensify-app/src/reducers/filters.js": {"path":"/Users/namnguyen/Desktop/projects/Udemy/CompleteReact2nd_AndrewMead/expensify-app/src/reducers/filters.js","statementMap":{"0":{"start":{"line":3,"column":35},"end":{"line":8,"column":1}},"1":{"start":{"line":10,"column":4},"end":{"line":39,"column":5}},"2":{"start":{"line":12,"column":12},"end":{"line":15,"column":14}},"3":{"start":{"line":17,"column":12},"end":{"line":20,"column":14}},"4":{"start":{"line":22,"column":12},"end":{"line":25,"column":14}},"5":{"start":{"line":27,"column":12},"end":{"line":30,"column":14}},"6":{"start":{"line":32,"column":12},"end":{"line":35,"column":14}},"7":{"start":{"line":38,"column":12},"end":{"line":38,"column":25}}},"fnMap":{"0":{"name":"(anonymous_0)","decl":{"start":{"line":9,"column":15},"end":{"line":9,"column":16}},"loc":{"start":{"line":9,"column":63},"end":{"line":40,"column":1}},"line":9}},"branchMap":{"0":{"loc":{"start":{"line":9,"column":16},"end":{"line":9,"column":50}},"type":"default-arg","locations":[{"start":{"line":9,"column":24},"end":{"line":9,"column":50}}],"line":9},"1":{"loc":{"start":{"line":10,"column":4},"end":{"line":39,"column":5}},"type":"switch","locations":[{"start":{"line":11,"column":8},"end":{"line":15,"column":14}},{"start":{"line":16,"column":8},"end":{"line":20,"column":14}},{"start":{"line":21,"column":8},"end":{"line":25,"column":14}},{"start":{"line":26,"column":8},"end":{"line":30,"column":14}},{"start":{"line":31,"column":8},"end":{"line":35,"column":14}},{"start":{"line":37,"column":8},"end":{"line":38,"column":25}}],"line":10}},"s":{"0":1,"1":6,"2":1,"3":1,"4":1,"5":1,"6":1,"7":1},"f":{"0":6},"b":{"0":[4],"1":[1,1,1,1,1,1]},"_coverageSchema":"332fd63041d2c1bcb487cc26dd0d5f7d97098a6c","hash":"2db0d9df72d3b66dd41eb67f1d0005e85ba23586"}
,"/Users/namnguyen/Desktop/projects/Udemy/CompleteReact2nd_AndrewMead/expensify-app/src/selectors/expenses.js": {"path":"/Users/namnguyen/Desktop/projects/Udemy/CompleteReact2nd_AndrewMead/expensify-app/src/selectors/expenses.js","statementMap":{"0":{"start":{"line":4,"column":27},"end":{"line":19,"column":1}},"1":{"start":{"line":5,"column":4},"end":{"line":18,"column":7}},"2":{"start":{"line":6,"column":31},"end":{"line":6,"column":55}},"3":{"start":{"line":7,"column":31},"end":{"line":7,"column":97}},"4":{"start":{"line":8,"column":29},"end":{"line":8,"column":90}},"5":{"start":{"line":9,"column":26},"end":{"line":9,"column":88}},"6":{"start":{"line":11,"column":8},"end":{"line":11,"column":59}},"7":{"start":{"line":13,"column":8},"end":{"line":17,"column":9}},"8":{"start":{"line":14,"column":12},"end":{"line":14,"column":48}},"9":{"start":{"line":15,"column":15},"end":{"line":17,"column":9}},"10":{"start":{"line":16,"column":12},"end":{"line":16,"column":44}}},"fnMap":{"0":{"name":"(anonymous_0)","decl":{"start":{"line":4,"column":27},"end":{"line":4,"column":28}},"loc":{"start":{"line":4,"column":79},"end":{"line":19,"column":1}},"line":4},"1":{"name":"(anonymous_1)","decl":{"start":{"line":5,"column":27},"end":{"line":5,"column":28}},"loc":{"start":{"line":5,"column":40},"end":{"line":12,"column":5}},"line":5},"2":{"name":"(anonymous_2)","decl":{"start":{"line":12,"column":12},"end":{"line":12,"column":13}},"loc":{"start":{"line":12,"column":22},"end":{"line":18,"column":5}},"line":12}},"branchMap":{"0":{"loc":{"start":{"line":7,"column":31},"end":{"line":7,"column":97}},"type":"cond-expr","locations":[{"start":{"line":7,"column":43},"end":{"line":7,"column":90}},{"start":{"line":7,"column":93},"end":{"line":7,"column":97}}],"line":7},"1":{"loc":{"start":{"line":8,"column":29},"end":{"line":8,"column":90}},"type":"cond-expr","locations":[{"start":{"line":8,"column":39},"end":{"line":8,"column":83}},{"start":{"line":8,"column":86},"end":{"line":8,"column":90}}],"line":8},"2":{"loc":{"start":{"line":11,"column":15},"end":{"line":11,"column":58}},"type":"binary-expr","locations":[{"start":{"line":11,"column":15},"end":{"line":11,"column":29}},{"start":{"line":11,"column":33},"end":{"line":11,"column":45}},{"start":{"line":11,"column":49},"end":{"line":11,"column":58}}],"line":11},"3":{"loc":{"start":{"line":13,"column":8},"end":{"line":17,"column":9}},"type":"if","locations":[{"start":{"line":13,"column":8},"end":{"line":17,"column":9}},{"start":{"line":13,"column":8},"end":{"line":17,"column":9}}],"line":13},"4":{"loc":{"start":{"line":15,"column":15},"end":{"line":17,"column":9}},"type":"if","locations":[{"start":{"line":15,"column":15},"end":{"line":17,"column":9}},{"start":{"line":15,"column":15},"end":{"line":17,"column":9}}],"line":15}},"s":{"0":3,"1":5,"2":15,"3":15,"4":15,"5":15,"6":15,"7":8,"8":5,"9":3,"10":3},"f":{"0":5,"1":15,"2":8},"b":{"0":[3,12],"1":[3,12],"2":[15,14,13],"3":[5,3],"4":[3,0]},"_coverageSchema":"332fd63041d2c1bcb487cc26dd0d5f7d97098a6c","hash":"78d0180e3f748bb5b33aa72895eb9205f644d71b"}
,"/Users/namnguyen/Desktop/projects/Udemy/CompleteReact2nd_AndrewMead/expensify-app/src/tests/setupTests.js": {"path":"/Users/namnguyen/Desktop/projects/Udemy/CompleteReact2nd_AndrewMead/expensify-app/src/tests/setupTests.js","statementMap":{"0":{"start":{"line":4,"column":0},"end":{"line":6,"column":3}}},"fnMap":{},"branchMap":{},"s":{"0":15},"f":{},"b":{},"_coverageSchema":"332fd63041d2c1bcb487cc26dd0d5f7d97098a6c","hash":"265de19a5f0d316e002eb2832b96684c4e94fd06"}
,"/Users/namnguyen/Desktop/projects/Udemy/CompleteReact2nd_AndrewMead/expensify-app/src/tests/fixture/expenses.js": {"path":"/Users/namnguyen/Desktop/projects/Udemy/CompleteReact2nd_AndrewMead/expensify-app/src/tests/fixture/expenses.js","statementMap":{},"fnMap":{},"branchMap":{},"s":{},"f":{},"b":{},"_coverageSchema":"332fd63041d2c1bcb487cc26dd0d5f7d97098a6c","hash":"ed0557f3f5ac58681940737c65f6f6ae2c39293d"}
,"/Users/namnguyen/Desktop/projects/Udemy/CompleteReact2nd_AndrewMead/expensify-app/src/tests/fixture/filters.js": {"path":"/Users/namnguyen/Desktop/projects/Udemy/CompleteReact2nd_AndrewMead/expensify-app/src/tests/fixture/filters.js","statementMap":{"0":{"start":{"line":3,"column":23},"end":{"line":8,"column":1}},"1":{"start":{"line":10,"column":22},"end":{"line":15,"column":1}}},"fnMap":{},"branchMap":{},"s":{"0":1,"1":1},"f":{},"b":{},"_coverageSchema":"332fd63041d2c1bcb487cc26dd0d5f7d97098a6c","hash":"0f64be00332923162164f785d2a3c7a0711c8d24"}
}
