TN:
SF:/Users/namnguyen/Desktop/projects/Udemy/CompleteReact2nd_AndrewMead/expensify-app/src/actions/expenses.js
FN:4,(anonymous_0)
FN:22,(anonymous_1)
FN:28,(anonymous_2)
FNF:3
FNH:3
FNDA:2,(anonymous_0)
FNDA:1,(anonymous_1)
FNDA:1,(anonymous_2)
DA:4,3
DA:11,2
DA:22,3
DA:28,3
LF:4
LH:4
BRDA:5,0,0,1
BRDA:6,1,0,1
BRDA:7,2,0,1
BRDA:8,3,0,1
BRDA:9,4,0,1
BRDA:28,5,0,0
BRF:6
BRH:5
end_of_record
TN:
SF:/Users/namnguyen/Desktop/projects/Udemy/CompleteReact2nd_AndrewMead/expensify-app/src/actions/filters.js
FN:2,(anonymous_0)
FN:7,(anonymous_1)
FN:11,(anonymous_2)
FN:15,(anonymous_3)
FN:20,(anonymous_4)
FNF:5
FNH:5
FNDA:2,(anonymous_0)
FNDA:1,(anonymous_1)
FNDA:1,(anonymous_2)
FNDA:2,(anonymous_3)
FNDA:2,(anonymous_4)
DA:2,3
DA:7,3
DA:11,3
DA:15,3
DA:20,3
LF:5
LH:5
BRDA:2,0,0,1
BRDA:15,1,0,1
BRDA:20,2,0,1
BRF:3
BRH:3
end_of_record
TN:
SF:/Users/namnguyen/Desktop/projects/Udemy/CompleteReact2nd_AndrewMead/expensify-app/src/components/AddExpensePage.js
FN:7,(anonymous_0)
FN:12,(anonymous_1)
FN:24,(anonymous_2)
FN:26,(anonymous_3)
FNF:4
FNH:2
FNDA:1,(anonymous_0)
FNDA:2,(anonymous_1)
FNDA:0,(anonymous_2)
FNDA:0,(anonymous_3)
DA:8,1
DA:9,1
DA:13,2
DA:24,1
DA:25,0
DA:26,0
LF:6
LH:4
BRF:0
BRH:0
end_of_record
TN:
SF:/Users/namnguyen/Desktop/projects/Udemy/CompleteReact2nd_AndrewMead/expensify-app/src/components/EditExpensePage.js
FN:7,(anonymous_0)
FN:12,(anonymous_1)
FN:17,(anonymous_2)
FN:31,(anonymous_3)
FN:33,(anonymous_4)
FN:34,(anonymous_5)
FN:38,(anonymous_6)
FN:40,(anonymous_7)
FNF:8
FNH:3
FNDA:1,(anonymous_0)
FNDA:1,(anonymous_1)
FNDA:3,(anonymous_2)
FNDA:0,(anonymous_3)
FNDA:0,(anonymous_4)
FNDA:0,(anonymous_5)
FNDA:0,(anonymous_6)
FNDA:0,(anonymous_7)
DA:8,1
DA:9,1
DA:13,1
DA:14,1
DA:18,3
DA:31,1
DA:32,0
DA:33,0
DA:34,0
DA:38,1
DA:39,0
DA:40,0
LF:12
LH:7
BRF:0
BRH:0
end_of_record
TN:
SF:/Users/namnguyen/Desktop/projects/Udemy/CompleteReact2nd_AndrewMead/expensify-app/src/components/ExpenseDashboardPage.js
FN:6,(anonymous_0)
FNF:1
FNH:1
FNDA:1,(anonymous_0)
DA:6,1
DA:7,1
LF:2
LH:2
BRF:0
BRH:0
end_of_record
TN:
SF:/Users/namnguyen/Desktop/projects/Udemy/CompleteReact2nd_AndrewMead/expensify-app/src/components/ExpenseForm.js
FN:6,(anonymous_0)
FN:19,(anonymous_1)
FN:21,(anonymous_2)
FN:24,(anonymous_3)
FN:27,(anonymous_4)
FN:31,(anonymous_5)
FN:33,(anonymous_6)
FN:37,(anonymous_7)
FN:38,(anonymous_8)
FN:41,(anonymous_9)
FN:43,(anonymous_10)
FN:46,(anonymous_11)
FN:50,(anonymous_12)
FN:52,(anonymous_13)
FN:62,(anonymous_14)
FN:84,(anonymous_15)
FNF:16
FNH:15
FNDA:11,(anonymous_0)
FNDA:1,(anonymous_1)
FNDA:1,(anonymous_2)
FNDA:3,(anonymous_3)
FNDA:1,(anonymous_4)
FNDA:1,(anonymous_5)
FNDA:1,(anonymous_6)
FNDA:1,(anonymous_7)
FNDA:1,(anonymous_8)
FNDA:1,(anonymous_9)
FNDA:1,(anonymous_10)
FNDA:2,(anonymous_11)
FNDA:1,(anonymous_12)
FNDA:1,(anonymous_13)
FNDA:18,(anonymous_14)
FNDA:0,(anonymous_15)
DA:7,11
DA:9,11
DA:20,1
DA:21,1
DA:25,3
DA:26,3
DA:27,1
DA:32,1
DA:33,1
DA:38,1
DA:42,1
DA:43,1
DA:47,2
DA:49,2
DA:50,1
DA:52,1
DA:53,1
DA:63,18
DA:84,0
LF:19
LH:18
BRDA:10,0,0,2
BRDA:10,0,1,9
BRDA:11,1,0,2
BRDA:11,1,1,9
BRDA:12,2,0,2
BRDA:12,2,1,9
BRDA:13,3,0,2
BRDA:13,3,1,9
BRDA:26,4,0,1
BRDA:26,4,1,2
BRDA:26,5,0,3
BRDA:26,5,1,3
BRDA:32,6,0,1
BRDA:32,6,1,0
BRDA:49,7,0,1
BRDA:49,7,1,1
BRDA:49,8,0,2
BRDA:49,8,1,1
BRDA:90,9,0,18
BRDA:90,9,1,3
BRF:20
BRH:19
end_of_record
TN:
SF:/Users/namnguyen/Desktop/projects/Udemy/CompleteReact2nd_AndrewMead/expensify-app/src/components/ExpenseList.js
FN:6,(anonymous_0)
FN:15,(anonymous_1)
FN:25,(anonymous_2)
FNF:3
FNH:2
FNDA:2,(anonymous_0)
FNDA:3,(anonymous_1)
FNDA:0,(anonymous_2)
DA:6,2
DA:7,2
DA:16,3
DA:25,2
DA:26,0
LF:5
LH:4
BRDA:10,0,0,1
BRDA:10,0,1,1
BRDA:10,1,0,2
BRDA:10,1,1,2
BRF:4
BRH:4
end_of_record
TN:
SF:/Users/namnguyen/Desktop/projects/Udemy/CompleteReact2nd_AndrewMead/expensify-app/src/components/ExpenseListFilters.js
FN:11,(anonymous_0)
FN:16,(anonymous_1)
FN:17,(anonymous_2)
FN:20,(anonymous_3)
FN:24,(anonymous_4)
FN:33,(anonymous_5)
FN:51,(anonymous_6)
FN:58,(anonymous_7)
FN:60,(anonymous_8)
FN:62,(anonymous_9)
FN:63,(anonymous_10)
FN:64,(anonymous_11)
FN:65,(anonymous_12)
FN:66,(anonymous_13)
FNF:14
FNH:6
FNDA:1,(anonymous_0)
FNDA:2,(anonymous_1)
FNDA:2,(anonymous_2)
FNDA:1,(anonymous_3)
FNDA:2,(anonymous_4)
FNDA:13,(anonymous_5)
FNDA:0,(anonymous_6)
FNDA:0,(anonymous_7)
FNDA:0,(anonymous_8)
FNDA:0,(anonymous_9)
FNDA:0,(anonymous_10)
FNDA:0,(anonymous_11)
FNDA:0,(anonymous_12)
FNDA:0,(anonymous_13)
DA:12,1
DA:13,1
DA:17,2
DA:21,1
DA:25,2
DA:26,2
DA:27,1
DA:28,1
DA:29,1
DA:34,13
DA:51,0
DA:58,2
DA:60,2
DA:61,0
DA:62,0
DA:63,0
DA:64,0
DA:65,0
DA:66,0
LF:19
LH:12
BRDA:26,0,0,1
BRDA:26,0,1,1
BRDA:28,1,0,1
BRDA:28,1,1,0
BRF:4
BRH:3
end_of_record
TN:
SF:/Users/namnguyen/Desktop/projects/Udemy/CompleteReact2nd_AndrewMead/expensify-app/src/components/ExpenseListItem.js
FN:5,(anonymous_0)
FNF:1
FNH:1
FNDA:1,(anonymous_0)
DA:5,3
DA:6,1
LF:2
LH:2
BRF:0
BRH:0
end_of_record
TN:
SF:/Users/namnguyen/Desktop/projects/Udemy/CompleteReact2nd_AndrewMead/expensify-app/src/components/Header.js
FN:5,(anonymous_0)
FNF:1
FNH:1
FNDA:1,(anonymous_0)
DA:5,1
DA:6,1
LF:2
LH:2
BRF:0
BRH:0
end_of_record
TN:
SF:/Users/namnguyen/Desktop/projects/Udemy/CompleteReact2nd_AndrewMead/expensify-app/src/components/NotFoundPage.js
FN:4,(anonymous_0)
FNF:1
FNH:1
FNDA:1,(anonymous_0)
DA:4,1
DA:5,1
LF:2
LH:2
BRF:0
BRH:0
end_of_record
TN:
SF:/Users/namnguyen/Desktop/projects/Udemy/CompleteReact2nd_AndrewMead/expensify-app/src/reducers/expenses.js
FN:3,(anonymous_0)
FN:8,(anonymous_1)
FN:15,(anonymous_2)
FNF:3
FNH:3
FNDA:6,(anonymous_0)
FNDA:6,(anonymous_1)
FNDA:6,(anonymous_2)
DA:2,1
DA:4,6
DA:6,1
DA:8,2
DA:9,6
DA:10,1
DA:12,5
DA:15,6
DA:17,1
LF:9
LH:9
BRDA:3,0,0,1
BRDA:4,1,0,1
BRDA:4,1,1,2
BRDA:4,1,2,2
BRDA:4,1,3,1
BRDA:9,2,0,1
BRDA:9,2,1,5
BRF:7
BRH:7
end_of_record
TN:
SF:/Users/namnguyen/Desktop/projects/Udemy/CompleteReact2nd_AndrewMead/expensify-app/src/reducers/filters.js
FN:9,(anonymous_0)
FNF:1
FNH:1
FNDA:6,(anonymous_0)
DA:3,1
DA:10,6
DA:12,1
DA:17,1
DA:22,1
DA:27,1
DA:32,1
DA:38,1
LF:8
LH:8
BRDA:9,0,0,4
BRDA:10,1,0,1
BRDA:10,1,1,1
BRDA:10,1,2,1
BRDA:10,1,3,1
BRDA:10,1,4,1
BRDA:10,1,5,1
BRF:7
BRH:7
end_of_record
TN:
SF:/Users/namnguyen/Desktop/projects/Udemy/CompleteReact2nd_AndrewMead/expensify-app/src/selectors/expenses.js
FN:4,(anonymous_0)
FN:5,(anonymous_1)
FN:12,(anonymous_2)
FNF:3
FNH:3
FNDA:5,(anonymous_0)
FNDA:15,(anonymous_1)
FNDA:8,(anonymous_2)
DA:4,3
DA:5,5
DA:6,15
DA:7,15
DA:8,15
DA:9,15
DA:11,15
DA:13,8
DA:14,5
DA:15,3
DA:16,3
LF:11
LH:11
BRDA:7,0,0,3
BRDA:7,0,1,12
BRDA:8,1,0,3
BRDA:8,1,1,12
BRDA:11,2,0,15
BRDA:11,2,1,14
BRDA:11,2,2,13
BRDA:13,3,0,5
BRDA:13,3,1,3
BRDA:15,4,0,3
BRDA:15,4,1,0
BRF:11
BRH:10
end_of_record
TN:
SF:/Users/namnguyen/Desktop/projects/Udemy/CompleteReact2nd_AndrewMead/expensify-app/src/tests/setupTests.js
FNF:0
FNH:0
DA:4,15
LF:1
LH:1
BRF:0
BRH:0
end_of_record
TN:
SF:/Users/namnguyen/Desktop/projects/Udemy/CompleteReact2nd_AndrewMead/expensify-app/src/tests/fixture/expenses.js
FNF:0
FNH:0
LF:0
LH:0
BRF:0
BRH:0
end_of_record
TN:
SF:/Users/namnguyen/Desktop/projects/Udemy/CompleteReact2nd_AndrewMead/expensify-app/src/tests/fixture/filters.js
FNF:0
FNH:0
DA:3,1
DA:10,1
LF:2
LH:2
BRF:0
BRH:0
end_of_record
